{"time":"2026-04-28T23:18:23.2065257+05:30","level":"INFO","msg":"prepare-commit-msg: agent commit trailer added","session_id":"82feb945-de60-4e04-8894-0b9a8b7c7d47","component":"checkpoint","strategy":"manual-commit","source":"message","checkpoint_id":"d3a7e2c8223d","session_id":"82feb945-de60-4e04-8894-0b9a8b7c7d47"}
{"time":"2026-04-28T23:18:26.4037397+05:30","level":"INFO","msg":"attribution calculated","session_id":"82feb945-de60-4e04-8894-0b9a8b7c7d47","component":"attribution","agent_lines":94,"human_added":974,"human_modified":10263,"human_removed":0,"total_committed":11331,"agent_percentage":0.8295825611155238,"accumulated_user_added":0,"accumulated_user_removed":0,"files_touched":16}
{"time":"2026-04-28T23:18:26.8759792+05:30","level":"INFO","msg":"session condensed","session_id":"82feb945-de60-4e04-8894-0b9a8b7c7d47","component":"checkpoint","strategy":"manual-commit","session_id":"82feb945-de60-4e04-8894-0b9a8b7c7d47","checkpoint_id":"d3a7e2c8223d","checkpoints_condensed":1,"transcript_lines":672}
{"time":"2026-04-28T23:18:26.9956599+05:30","level":"INFO","msg":"post-commit: carried forward remaining files","session_id":"82feb945-de60-4e04-8894-0b9a8b7c7d47","component":"checkpoint","session_id":"82feb945-de60-4e04-8894-0b9a8b7c7d47","remaining_files":15}
{"time":"2026-04-28T23:18:27.0936486+05:30","level":"INFO","msg":"shadow branch deleted","session_id":"82feb945-de60-4e04-8894-0b9a8b7c7d47","component":"checkpoint","strategy":"manual-commit","shadow_branch":"entire/6415ed2-e3b0c4"}
{"time":"2026-04-28T23:22:44.6075034+05:30","level":"INFO","msg":"prepare-commit-msg: agent commit trailer added","session_id":"82feb945-de60-4e04-8894-0b9a8b7c7d47","component":"checkpoint","strategy":"manual-commit","source":"message","checkpoint_id":"e67fe3144687","session_id":"82feb945-de60-4e04-8894-0b9a8b7c7d47"}
{"time":"2026-04-28T23:22:45.933097+05:30","level":"INFO","msg":"session condensed","session_id":"82feb945-de60-4e04-8894-0b9a8b7c7d47","component":"checkpoint","strategy":"manual-commit","session_id":"82feb945-de60-4e04-8894-0b9a8b7c7d47","checkpoint_id":"e67fe3144687","checkpoints_condensed":1,"transcript_lines":672}
{"time":"2026-04-28T23:22:46.0035509+05:30","level":"INFO","msg":"post-commit: carried forward remaining files","session_id":"82feb945-de60-4e04-8894-0b9a8b7c7d47","component":"checkpoint","session_id":"82feb945-de60-4e04-8894-0b9a8b7c7d47","remaining_files":15}
{"time":"2026-04-28T23:22:46.0583076+05:30","level":"INFO","msg":"shadow branch deleted","session_id":"82feb945-de60-4e04-8894-0b9a8b7c7d47","component":"checkpoint","strategy":"manual-commit","shadow_branch":"entire/38ab58c-e3b0c4"}
{"time":"2026-04-28T23:25:43.607982+05:30","level":"INFO","msg":"prepare-commit-msg: agent commit trailer added","session_id":"82feb945-de60-4e04-8894-0b9a8b7c7d47","component":"checkpoint","strategy":"manual-commit","source":"message","checkpoint_id":"279e99074caa","session_id":"82feb945-de60-4e04-8894-0b9a8b7c7d47"}
{"time":"2026-04-28T23:25:44.6392472+05:30","level":"INFO","msg":"session condensed","session_id":"82feb945-de60-4e04-8894-0b9a8b7c7d47","component":"checkpoint","strategy":"manual-commit","session_id":"82feb945-de60-4e04-8894-0b9a8b7c7d47","checkpoint_id":"279e99074caa","checkpoints_condensed":1,"transcript_lines":672}
{"time":"2026-04-28T23:25:44.6915816+05:30","level":"INFO","msg":"post-commit: carried forward remaining files","session_id":"82feb945-de60-4e04-8894-0b9a8b7c7d47","component":"checkpoint","session_id":"82feb945-de60-4e04-8894-0b9a8b7c7d47","remaining_files":15}
{"time":"2026-04-28T23:25:44.7388954+05:30","level":"INFO","msg":"shadow branch deleted","session_id":"82feb945-de60-4e04-8894-0b9a8b7c7d47","component":"checkpoint","strategy":"manual-commit","shadow_branch":"entire/db1742f-e3b0c4"}
{"time":"2026-04-28T23:38:18.3272427+05:30","level":"INFO","msg":"prepare-commit-msg: agent commit trailer added","session_id":"82feb945-de60-4e04-8894-0b9a8b7c7d47","component":"checkpoint","strategy":"manual-commit","source":"message","checkpoint_id":"a5e87d6c1a02","session_id":"82feb945-de60-4e04-8894-0b9a8b7c7d47"}
{"time":"2026-04-28T23:38:21.7007673+05:30","level":"INFO","msg":"session condensed","session_id":"82feb945-de60-4e04-8894-0b9a8b7c7d47","component":"checkpoint","strategy":"manual-commit","session_id":"82feb945-de60-4e04-8894-0b9a8b7c7d47","checkpoint_id":"a5e87d6c1a02","checkpoints_condensed":1,"transcript_lines":672}
{"time":"2026-04-28T23:38:21.7666914+05:30","level":"INFO","msg":"post-commit: carried forward remaining files","session_id":"82feb945-de60-4e04-8894-0b9a8b7c7d47","component":"checkpoint","session_id":"82feb945-de60-4e04-8894-0b9a8b7c7d47","remaining_files":15}
{"time":"2026-04-28T23:38:21.8269512+05:30","level":"INFO","msg":"shadow branch deleted","session_id":"82feb945-de60-4e04-8894-0b9a8b7c7d47","component":"checkpoint","strategy":"manual-commit","shadow_branch":"entire/6dca30b-e3b0c4"}
{"time":"2026-04-28T23:41:30.4178042+05:30","level":"INFO","msg":"prepare-commit-msg: agent commit trailer added","session_id":"82feb945-de60-4e04-8894-0b9a8b7c7d47","component":"checkpoint","strategy":"manual-commit","source":"message","checkpoint_id":"dc2335ca8714","session_id":"82feb945-de60-4e04-8894-0b9a8b7c7d47"}
{"time":"2026-04-28T23:41:31.6676709+05:30","level":"INFO","msg":"session condensed","session_id":"82feb945-de60-4e04-8894-0b9a8b7c7d47","component":"checkpoint","strategy":"manual-commit","session_id":"82feb945-de60-4e04-8894-0b9a8b7c7d47","checkpoint_id":"dc2335ca8714","checkpoints_condensed":1,"transcript_lines":672}
{"time":"2026-04-28T23:41:31.7156206+05:30","level":"INFO","msg":"post-commit: carried forward remaining files","session_id":"82feb945-de60-4e04-8894-0b9a8b7c7d47","component":"checkpoint","session_id":"82feb945-de60-4e04-8894-0b9a8b7c7d47","remaining_files":15}
{"time":"2026-04-28T23:41:31.7597349+05:30","level":"INFO","msg":"shadow branch deleted","session_id":"82feb945-de60-4e04-8894-0b9a8b7c7d47","component":"checkpoint","strategy":"manual-commit","shadow_branch":"entire/e7b0120-e3b0c4"}
{"time":"2026-04-28T23:47:02.9414046+05:30","level":"INFO","msg":"prepare-commit-msg: agent commit trailer added","session_id":"82feb945-de60-4e04-8894-0b9a8b7c7d47","component":"checkpoint","strategy":"manual-commit","source":"message","checkpoint_id":"11eb0525a2b7","session_id":"82feb945-de60-4e04-8894-0b9a8b7c7d47"}
{"time":"2026-04-28T23:47:04.3727523+05:30","level":"INFO","msg":"session condensed","session_id":"82feb945-de60-4e04-8894-0b9a8b7c7d47","component":"checkpoint","strategy":"manual-commit","session_id":"82feb945-de60-4e04-8894-0b9a8b7c7d47","checkpoint_id":"11eb0525a2b7","checkpoints_condensed":1,"transcript_lines":672}
{"time":"2026-04-28T23:47:04.4371824+05:30","level":"INFO","msg":"post-commit: carried forward remaining files","session_id":"82feb945-de60-4e04-8894-0b9a8b7c7d47","component":"checkpoint","session_id":"82feb945-de60-4e04-8894-0b9a8b7c7d47","remaining_files":15}
{"time":"2026-04-28T23:47:04.4893848+05:30","level":"INFO","msg":"shadow branch deleted","session_id":"82feb945-de60-4e04-8894-0b9a8b7c7d47","component":"checkpoint","strategy":"manual-commit","shadow_branch":"entire/f7b192b-e3b0c4"}
